<?xml version="1.0" encoding="UTF-8"?>
<!-- Generated by org.testng.reporters.JUnitReportReporter -->
<testsuite hostname="pnt123" name="webdriver.CnnWithFirefoxTestng" tests="1" failures="0" timestamp="17 Apr 2016 14:37:06 GMT" time="21.313" errors="0">
  <testcase name="search" time="21.313" classname="webdriver.CnnWithFirefoxTestng"/>
</testsuite> <!-- webdriver.CnnWithFirefoxTestng -->
