<?xml version="1.0" encoding="UTF-8"?>
<!-- Generated by org.testng.reporters.JUnitReportReporter -->
<testsuite hostname="DESKTOP-75OLIUH" name="w3schools.TestTableCell" tests="1" failures="0" timestamp="17 Apr 2016 19:09:50 GMT" time="13.233" errors="0">
  <testcase name="f" time="13.233" classname="w3schools.TestTableCell"/>
</testsuite> <!-- w3schools.TestTableCell -->
