<?xml version="1.0" encoding="UTF-8"?>
<!-- Generated by org.testng.reporters.JUnitReportReporter -->
<testsuite hostname="DESKTOP-75OLIUH" name="amazon.Amazon" tests="1" failures="0" timestamp="17 Apr 2016 19:07:23 GMT" time="358.285" errors="0">
  <testcase name="dropDownSearch" time="358.285" classname="amazon.Amazon"/>
</testsuite> <!-- amazon.Amazon -->
